<?xml version="1.0" encoding="UTF-8"?>
<!-- Generated by org.testng.reporters.JUnitReportReporter -->
<testsuite hostname="INH-LT457" failures="0" tests="1" name="cloud.tests.AP.AP_USA.CreatingManualInvoicesITC_Test" time="409.535" errors="0" timestamp="06 Jul 2022 10:41:56 GMT" skipped="0">
  <testcase classname="cloud.tests.AP.AP_USA.CreatingManualInvoicesITC_Test" name="executeTest" time="409.535"/>
</testsuite> <!-- cloud.tests.AP.AP_USA.CreatingManualInvoicesITC_Test -->
