<?xml version="1.0" encoding="UTF-8"?>
<!-- Generated by org.testng.reporters.JUnitReportReporter -->
<testsuite hostname="INH-LT457" failures="0" tests="1" name="cloud.tests.AR.AR_Argentina.CreateAccountingITC_Test" time="119.601" errors="0" timestamp="05 Jul 2022 08:19:58 GMT" skipped="0">
  <testcase classname="cloud.tests.AR.AR_Argentina.CreateAccountingITC_Test" name="executeTest" time="119.601"/>
</testsuite> <!-- cloud.tests.AR.AR_Argentina.CreateAccountingITC_Test -->
