<?xml version="1.0" encoding="UTF-8"?>
<!-- Generated by org.testng.reporters.JUnitReportReporter -->
<testsuite hostname="INH-LT457" failures="0" tests="1" name="cloud.tests.AP.AP_Argentina.CreatingManualInvoicesITC_Test" time="375.717" errors="0" timestamp="06 Jul 2022 11:50:20 GMT" skipped="0">
  <testcase classname="cloud.tests.AP.AP_Argentina.CreatingManualInvoicesITC_Test" name="executeTest" time="375.717"/>
</testsuite> <!-- cloud.tests.AP.AP_Argentina.CreatingManualInvoicesITC_Test -->
