<?xml version="1.0" encoding="UTF-8"?>
<!-- Generated by org.testng.reporters.JUnitReportReporter -->
<testsuite hostname="INH-LT457" failures="0" tests="1" name="cloud.tests.AP.AP_USA.CreateAccountingITC_Test" time="102.302" errors="0" timestamp="04 Jul 2022 06:32:51 GMT" skipped="0">
  <testcase classname="cloud.tests.AP.AP_USA.CreateAccountingITC_Test" name="executeTest" time="102.302"/>
</testsuite> <!-- cloud.tests.AP.AP_USA.CreateAccountingITC_Test -->
