<?xml version="1.0" encoding="UTF-8"?>
<!-- Generated by org.testng.reporters.JUnitReportReporter -->
<testsuite hostname="INH-LT457" failures="0" tests="1" name="cloud.tests.iExpense.iExpense_Argentina.GeneratingPayablesITC_Test" time="164.991" errors="0" timestamp="07 Jul 2022 15:20:48 GMT" skipped="0">
  <testcase classname="cloud.tests.iExpense.iExpense_Argentina.GeneratingPayablesITC_Test" name="executeTest" time="164.991"/>
</testsuite> <!-- cloud.tests.iExpense.iExpense_Argentina.GeneratingPayablesITC_Test -->
