<?xml version="1.0" encoding="UTF-8"?>
<!-- Generated by org.testng.reporters.JUnitReportReporter -->
<testsuite hostname="INH-LT457" failures="0" tests="1" name="cloud.tests.AP.AP_Argentina.CreatePaymentsITC_Test" time="593.793" errors="0" timestamp="04 Jul 2022 07:54:01 GMT" skipped="0">
  <testcase classname="cloud.tests.AP.AP_Argentina.CreatePaymentsITC_Test" name="executeTest" time="593.793"/>
</testsuite> <!-- cloud.tests.AP.AP_Argentina.CreatePaymentsITC_Test -->
