<?xml version="1.0" encoding="UTF-8"?>
<!-- Generated by org.testng.reporters.JUnitReportReporter -->
<testsuite hostname="INH-LT457" failures="0" tests="1" name="cloud.tests.AR.AR_Argentina.CreatingRegularInvoicesITC_Test" time="259.222" errors="0" timestamp="05 Jul 2022 08:57:00 GMT" skipped="0">
  <testcase classname="cloud.tests.AR.AR_Argentina.CreatingRegularInvoicesITC_Test" name="executeTest" time="259.222"/>
</testsuite> <!-- cloud.tests.AR.AR_Argentina.CreatingRegularInvoicesITC_Test -->
