<?xml version="1.0" encoding="UTF-8"?>
<!-- Generated by org.testng.reporters.JUnitReportReporter -->
<testsuite hostname="INH-LT457" failures="0" tests="1" name="cloud.tests.GL.GL_Argentina.OpeningPeriodsITC_Test" time="146.067" errors="0" timestamp="06 Apr 2022 07:38:36 GMT" skipped="0">
  <testcase classname="cloud.tests.GL.GL_Argentina.OpeningPeriodsITC_Test" name="executeTest" time="146.067"/>
</testsuite> <!-- cloud.tests.GL.GL_Argentina.OpeningPeriodsITC_Test -->
