<?xml version="1.0" encoding="UTF-8"?>
<!-- Generated by org.testng.reporters.JUnitReportReporter -->
<testsuite hostname="INH-LT457" failures="0" tests="1" name="cloud.tests.HCM.TimeAndAbsence_India.AbseneceEntryITC_Test" time="113.748" errors="0" timestamp="05 Jul 2022 11:11:40 GMT" skipped="0">
  <testcase classname="cloud.tests.HCM.TimeAndAbsence_India.AbseneceEntryITC_Test" name="executeTest" time="113.748"/>
</testsuite> <!-- cloud.tests.HCM.TimeAndAbsence_India.AbseneceEntryITC_Test -->
