<?xml version="1.0" encoding="UTF-8"?>
<!-- Generated by org.testng.reporters.JUnitReportReporter -->
<testsuite hostname="INH-LT457" failures="0" tests="1" name="cloud.tests.GL.GL_USA.ClosingPeriodsITC_Test" time="165.706" errors="0" timestamp="04 Jul 2022 09:41:45 GMT" skipped="0">
  <testcase classname="cloud.tests.GL.GL_USA.ClosingPeriodsITC_Test" name="executeTest" time="165.706"/>
</testsuite> <!-- cloud.tests.GL.GL_USA.ClosingPeriodsITC_Test -->
