<?xml version="1.0" encoding="UTF-8"?>
<!-- Generated by org.testng.reporters.JUnitReportReporter -->
<testsuite hostname="INH-LT457" failures="0" tests="1" name="cloud.tests.AR.AR_USA.CreatingCustomerITC_Test" time="260.329" errors="0" timestamp="05 Jul 2022 07:38:48 GMT" skipped="0">
  <testcase classname="cloud.tests.AR.AR_USA.CreatingCustomerITC_Test" name="executeTest" time="260.329"/>
</testsuite> <!-- cloud.tests.AR.AR_USA.CreatingCustomerITC_Test -->
