<?xml version="1.0" encoding="UTF-8"?>
<!-- Generated by org.testng.reporters.JUnitReportReporter -->
<testsuite hostname="INH-LT457" failures="0" tests="1" name="cloud.tests.GL.GL_USA.EnteringJournalsManuallyITC_Test" time="266.252" errors="0" timestamp="05 Jul 2022 06:14:19 GMT" skipped="0">
  <testcase classname="cloud.tests.GL.GL_USA.EnteringJournalsManuallyITC_Test" name="executeTest" time="266.252"/>
</testsuite> <!-- cloud.tests.GL.GL_USA.EnteringJournalsManuallyITC_Test -->
