<?xml version="1.0" encoding="UTF-8"?>
<!-- Generated by org.testng.reporters.JUnitReportReporter -->
<testsuite hostname="INH-LT457" failures="0" tests="1" name="cloud.tests.GL.GL_USA.CreatingParametersforRevaluationITC_Test" time="220.057" errors="0" timestamp="04 Jul 2022 10:24:48 GMT" skipped="0">
  <testcase classname="cloud.tests.GL.GL_USA.CreatingParametersforRevaluationITC_Test" name="executeTest" time="220.057"/>
</testsuite> <!-- cloud.tests.GL.GL_USA.CreatingParametersforRevaluationITC_Test -->
