<?xml version="1.0" encoding="UTF-8"?>
<!-- Generated by org.testng.reporters.JUnitReportReporter -->
<testsuite hostname="INH-LT457" failures="0" tests="1" name="cloud.tests.GL.GL_Argentina.RunningaTrialBalanceUsingFRCITC_Test" time="105.609" errors="0" timestamp="06 Apr 2022 11:10:09 GMT" skipped="0">
  <testcase classname="cloud.tests.GL.GL_Argentina.RunningaTrialBalanceUsingFRCITC_Test" name="executeTest" time="105.609"/>
</testsuite> <!-- cloud.tests.GL.GL_Argentina.RunningaTrialBalanceUsingFRCITC_Test -->
