<?xml version="1.0" encoding="UTF-8"?>
<!-- Generated by org.testng.reporters.JUnitReportReporter -->
<testsuite hostname="INH-LT457" failures="0" tests="1" name="cloud.tests.AP.AP_Argentina.OpenClosePeriodsITC_Test" time="549.124" errors="0" timestamp="04 Jul 2022 09:42:52 GMT" skipped="0">
  <testcase classname="cloud.tests.AP.AP_Argentina.OpenClosePeriodsITC_Test" name="executeTest" time="549.124"/>
</testsuite> <!-- cloud.tests.AP.AP_Argentina.OpenClosePeriodsITC_Test -->
