<?xml version="1.0" encoding="UTF-8"?>
<!-- Generated by org.testng.reporters.JUnitReportReporter -->
<testsuite hostname="INH-LT457" failures="0" tests="1" name="cloud.tests.AP.AP_USA.CreatePaymentsITC_Test" time="340.133" errors="0" timestamp="14 Jul 2022 06:53:55 GMT" skipped="0">
  <testcase classname="cloud.tests.AP.AP_USA.CreatePaymentsITC_Test" name="executeTest" time="340.133"/>
</testsuite> <!-- cloud.tests.AP.AP_USA.CreatePaymentsITC_Test -->
