<?xml version="1.0" encoding="UTF-8"?>
<!-- Generated by org.testng.reporters.JUnitReportReporter -->
<testsuite hostname="INH-LT457" failures="0" tests="1" name="cloud.tests.iExpense.iExpense_Argentina.AuditingExpenseReportITC_Test" time="344.772" errors="0" timestamp="07 Jul 2022 14:03:08 GMT" skipped="0">
  <testcase classname="cloud.tests.iExpense.iExpense_Argentina.AuditingExpenseReportITC_Test" name="executeTest" time="344.772"/>
</testsuite> <!-- cloud.tests.iExpense.iExpense_Argentina.AuditingExpenseReportITC_Test -->
