<?xml version="1.0" encoding="UTF-8"?>
<!-- Generated by org.testng.reporters.JUnitReportReporter -->
<testsuite hostname="INH-LT457" failures="0" tests="1" name="cloud.tests.AR.AR_Argentina.CreatingCustomerITC_Test" time="198.751" errors="0" timestamp="05 Jul 2022 08:35:10 GMT" skipped="0">
  <testcase classname="cloud.tests.AR.AR_Argentina.CreatingCustomerITC_Test" name="executeTest" time="198.751"/>
</testsuite> <!-- cloud.tests.AR.AR_Argentina.CreatingCustomerITC_Test -->
