<?xml version="1.0" encoding="UTF-8"?>
<!-- Generated by org.testng.reporters.JUnitReportReporter -->
<testsuite hostname="INH-LT457" failures="0" tests="1" name="cloud.tests.AR.AR_Argentina.ClosingARITC_Test" time="182.813" errors="0" timestamp="05 Jul 2022 08:17:03 GMT" skipped="0">
  <testcase classname="cloud.tests.AR.AR_Argentina.ClosingARITC_Test" name="executeTest" time="182.813"/>
</testsuite> <!-- cloud.tests.AR.AR_Argentina.ClosingARITC_Test -->
