<?xml version="1.0" encoding="UTF-8"?>
<!-- Generated by org.testng.reporters.JUnitReportReporter -->
<testsuite hostname="INH-LT457" failures="0" tests="1" name="cloud.tests.HCM.CoreHR_Argentina.AddingAnContingentWorkerITC_Test" time="301.757" errors="0" timestamp="05 Jul 2022 11:37:18 GMT" skipped="0">
  <testcase classname="cloud.tests.HCM.CoreHR_Argentina.AddingAnContingentWorkerITC_Test" name="executeTest" time="301.757"/>
</testsuite> <!-- cloud.tests.HCM.CoreHR_Argentina.AddingAnContingentWorkerITC_Test -->
